{"corsOrigin":"http://localhost:3000","environment":"development","level":"info","mailhog":"http://localhost:8025","message":"AccessTime Backend started","port":"3001","service":"access-time-backend","timestamp":"2025-10-05T06:58:10.877Z"}
{"duration":"31ms","ip":"::1","level":"info","message":"HTTP Request","method":"GET","service":"access-time-backend","status":304,"timestamp":"2025-10-05T06:58:26.765Z","url":"/api/emails","userAgent":"Mozilla/5.0 (Macintosh; Intel Mac OS X 10_15_7) AppleWebKit/537.36 (KHTML, like Gecko) Chrome/140.0.0.0 Safari/537.36"}
{"duration":"21ms","ip":"::1","level":"info","message":"HTTP Request","method":"GET","service":"access-time-backend","status":304,"timestamp":"2025-10-05T06:59:26.741Z","url":"/api/emails","userAgent":"Mozilla/5.0 (Macintosh; Intel Mac OS X 10_15_7) AppleWebKit/537.36 (KHTML, like Gecko) Chrome/140.0.0.0 Safari/537.36"}
{"duration":"1ms","ip":"::1","level":"info","message":"HTTP Request","method":"GET","service":"access-time-backend","status":304,"timestamp":"2025-10-05T07:00:06.018Z","url":"/api/test-samples","userAgent":"Mozilla/5.0 (Macintosh; Intel Mac OS X 10_15_7) AppleWebKit/537.36 (KHTML, like Gecko) Chrome/140.0.0.0 Safari/537.36"}
{"clientCount":1,"level":"info","message":"SSE client connected","service":"access-time-backend","timestamp":"2025-10-05T07:00:06.024Z"}
{"duration":"0ms","ip":"::1","level":"info","message":"HTTP Request","method":"GET","service":"access-time-backend","status":304,"timestamp":"2025-10-05T07:00:06.720Z","url":"/api/test-samples","userAgent":"Mozilla/5.0 (Macintosh; Intel Mac OS X 10_15_7) AppleWebKit/537.36 (KHTML, like Gecko) Chrome/140.0.0.0 Safari/537.36"}
{"clientCount":1,"level":"info","message":"SSE client connected","service":"access-time-backend","timestamp":"2025-10-05T07:00:06.727Z"}
{"duration":"5ms","ip":"::1","level":"info","message":"HTTP Request","method":"GET","service":"access-time-backend","status":304,"timestamp":"2025-10-05T07:01:02.337Z","url":"/api/test-samples","userAgent":"Mozilla/5.0 (Macintosh; Intel Mac OS X 10_15_7) AppleWebKit/537.36 (KHTML, like Gecko) Chrome/140.0.0.0 Safari/537.36"}
{"clientCount":1,"level":"info","message":"SSE client connected","service":"access-time-backend","timestamp":"2025-10-05T07:01:02.361Z"}
{"duration":"0ms","ip":"::1","level":"info","message":"HTTP Request","method":"GET","service":"access-time-backend","status":304,"timestamp":"2025-10-05T07:01:03.042Z","url":"/api/test-samples","userAgent":"Mozilla/5.0 (Macintosh; Intel Mac OS X 10_15_7) AppleWebKit/537.36 (KHTML, like Gecko) Chrome/140.0.0.0 Safari/537.36"}
{"clientCount":1,"level":"info","message":"SSE client connected","service":"access-time-backend","timestamp":"2025-10-05T07:01:03.090Z"}
{"level":"info","message":"SIGTERM received, shutting down gracefully","service":"access-time-backend","timestamp":"2025-10-05T07:01:22.617Z"}
{"corsOrigin":"http://localhost:3000","environment":"development","level":"info","mailhog":"http://localhost:8025","message":"AccessTime Backend started","port":"3001","service":"access-time-backend","timestamp":"2025-10-05T07:01:23.215Z"}
{"level":"info","message":"SIGTERM received, shutting down gracefully","service":"access-time-backend","timestamp":"2025-10-05T07:01:24.263Z"}
{"corsOrigin":"http://localhost:3000","environment":"development","level":"info","mailhog":"http://localhost:8025","message":"AccessTime Backend started","port":"3001","service":"access-time-backend","timestamp":"2025-10-05T07:01:24.624Z"}
{"clientCount":1,"level":"info","message":"SSE client connected","service":"access-time-backend","timestamp":"2025-10-05T07:01:26.188Z"}
{"level":"info","message":"SIGTERM received, shutting down gracefully","service":"access-time-backend","timestamp":"2025-10-05T07:01:47.085Z"}
{"corsOrigin":"http://localhost:3000","environment":"development","level":"info","mailhog":"http://localhost:8025","message":"AccessTime Backend started","port":"3001","service":"access-time-backend","timestamp":"2025-10-05T07:01:47.539Z"}
{"clientCount":1,"level":"info","message":"SSE client connected","service":"access-time-backend","timestamp":"2025-10-05T07:01:50.104Z"}
{"level":"info","message":"SIGTERM received, shutting down gracefully","service":"access-time-backend","timestamp":"2025-10-05T07:02:00.510Z"}
{"corsOrigin":"http://localhost:3000","environment":"development","level":"info","mailhog":"http://localhost:8025","message":"AccessTime Backend started","port":"3001","service":"access-time-backend","timestamp":"2025-10-05T07:02:00.956Z"}
{"level":"info","message":"SIGTERM received, shutting down gracefully","service":"access-time-backend","timestamp":"2025-10-05T07:02:03.067Z"}
{"corsOrigin":"http://localhost:3000","environment":"development","level":"info","mailhog":"http://localhost:8025","message":"AccessTime Backend started","port":"3001","service":"access-time-backend","timestamp":"2025-10-05T07:02:03.389Z"}
{"clientCount":1,"level":"info","message":"SSE client connected","service":"access-time-backend","timestamp":"2025-10-05T07:02:03.522Z"}
{"level":"info","message":"SIGTERM received, shutting down gracefully","service":"access-time-backend","timestamp":"2025-10-05T07:02:06.055Z"}
{"corsOrigin":"http://localhost:3000","environment":"development","level":"info","mailhog":"http://localhost:8025","message":"AccessTime Backend started","port":"3001","service":"access-time-backend","timestamp":"2025-10-05T07:02:06.377Z"}
{"clientCount":1,"level":"info","message":"SSE client connected","service":"access-time-backend","timestamp":"2025-10-05T07:02:09.068Z"}
{"level":"info","message":"SIGTERM received, shutting down gracefully","service":"access-time-backend","timestamp":"2025-10-05T07:02:30.582Z"}
{"corsOrigin":"http://localhost:3000","environment":"development","level":"info","mailhog":"http://localhost:8025","message":"AccessTime Backend started","port":"3001","service":"access-time-backend","timestamp":"2025-10-05T07:02:31.065Z"}
{"level":"info","message":"SIGTERM received, shutting down gracefully","service":"access-time-backend","timestamp":"2025-10-05T07:02:32.914Z"}
{"corsOrigin":"http://localhost:3000","environment":"development","level":"info","mailhog":"http://localhost:8025","message":"AccessTime Backend started","port":"3001","service":"access-time-backend","timestamp":"2025-10-05T07:02:33.237Z"}
{"clientCount":1,"level":"info","message":"SSE client connected","service":"access-time-backend","timestamp":"2025-10-05T07:02:33.598Z"}
{"level":"info","message":"SIGTERM received, shutting down gracefully","service":"access-time-backend","timestamp":"2025-10-05T07:02:41.582Z"}
{"corsOrigin":"http://localhost:3000","environment":"development","level":"info","mailhog":"http://localhost:8025","message":"AccessTime Backend started","port":"3001","service":"access-time-backend","timestamp":"2025-10-05T07:02:41.942Z"}
{"level":"info","message":"SIGTERM received, shutting down gracefully","service":"access-time-backend","timestamp":"2025-10-05T07:02:44.251Z"}
{"corsOrigin":"http://localhost:3000","environment":"development","level":"info","mailhog":"http://localhost:8025","message":"AccessTime Backend started","port":"3001","service":"access-time-backend","timestamp":"2025-10-05T07:02:44.582Z"}
{"clientCount":1,"level":"info","message":"SSE client connected","service":"access-time-backend","timestamp":"2025-10-05T07:02:44.593Z"}
{"level":"info","message":"SIGTERM received, shutting down gracefully","service":"access-time-backend","timestamp":"2025-10-05T07:02:51.456Z"}
{"corsOrigin":"http://localhost:3000","environment":"development","level":"info","mailhog":"http://localhost:8025","message":"AccessTime Backend started","port":"3001","service":"access-time-backend","timestamp":"2025-10-05T07:02:51.821Z"}
{"clientCount":1,"level":"info","message":"SSE client connected","service":"access-time-backend","timestamp":"2025-10-05T07:02:54.469Z"}
{"level":"info","message":"SIGTERM received, shutting down gracefully","service":"access-time-backend","timestamp":"2025-10-05T07:02:56.913Z"}
{"corsOrigin":"http://localhost:3000","environment":"development","level":"info","mailhog":"http://localhost:8025","message":"AccessTime Backend started","port":"3001","service":"access-time-backend","timestamp":"2025-10-05T07:02:57.234Z"}
{"level":"info","message":"SIGTERM received, shutting down gracefully","service":"access-time-backend","timestamp":"2025-10-05T07:02:57.805Z"}
{"corsOrigin":"http://localhost:3000","environment":"development","level":"info","mailhog":"http://localhost:8025","message":"AccessTime Backend started","port":"3001","service":"access-time-backend","timestamp":"2025-10-05T07:02:58.178Z"}
{"clientCount":1,"level":"info","message":"SSE client connected","service":"access-time-backend","timestamp":"2025-10-05T07:02:59.927Z"}
{"level":"info","message":"SIGINT received, shutting down gracefully","service":"access-time-backend","timestamp":"2025-10-05T07:03:49.487Z"}
{"corsOrigin":"http://localhost:3000","environment":"development","level":"info","mailhog":"http://localhost:8025","message":"AccessTime Backend started","port":"3001","service":"access-time-backend","timestamp":"2025-10-05T07:03:51.174Z"}
{"clientCount":1,"level":"info","message":"SSE client connected","service":"access-time-backend","timestamp":"2025-10-05T07:03:52.511Z"}
{"duration":"8ms","ip":"::1","level":"info","message":"HTTP Request","method":"GET","service":"access-time-backend","status":304,"timestamp":"2025-10-05T07:03:59.387Z","url":"/api/test-samples","userAgent":"Mozilla/5.0 (Macintosh; Intel Mac OS X 10_15_7) AppleWebKit/537.36 (KHTML, like Gecko) Chrome/140.0.0.0 Safari/537.36"}
{"clientCount":1,"level":"info","message":"SSE client connected","service":"access-time-backend","timestamp":"2025-10-05T07:03:59.388Z"}
{"duration":"2ms","ip":"::1","level":"info","message":"HTTP Request","method":"GET","service":"access-time-backend","status":304,"timestamp":"2025-10-05T07:04:46.091Z","url":"/api/test-samples","userAgent":"Mozilla/5.0 (Macintosh; Intel Mac OS X 10_15_7) AppleWebKit/537.36 (KHTML, like Gecko) Chrome/140.0.0.0 Safari/537.36"}
{"clientCount":1,"level":"info","message":"SSE client connected","service":"access-time-backend","timestamp":"2025-10-05T07:04:46.092Z"}
{"duration":"51ms","ip":"::1","level":"info","message":"HTTP Request","method":"POST","service":"access-time-backend","status":200,"timestamp":"2025-10-05T07:05:01.689Z","url":"/api/test-samples","userAgent":"Mozilla/5.0 (Macintosh; Intel Mac OS X 10_15_7) AppleWebKit/537.36 (KHTML, like Gecko) Chrome/140.0.0.0 Safari/537.36"}
{"duration":"12ms","ip":"::1","level":"info","message":"HTTP Request","method":"POST","service":"access-time-backend","status":200,"timestamp":"2025-10-05T07:05:20.688Z","url":"/api/test-samples","userAgent":"Mozilla/5.0 (Macintosh; Intel Mac OS X 10_15_7) AppleWebKit/537.36 (KHTML, like Gecko) Chrome/140.0.0.0 Safari/537.36"}
{"level":"info","message":"SIGTERM received, shutting down gracefully","service":"access-time-backend","timestamp":"2025-10-05T07:05:47.589Z"}
{"corsOrigin":"http://localhost:3000","environment":"development","level":"info","mailhog":"http://localhost:8025","message":"AccessTime Backend started","port":"3001","service":"access-time-backend","timestamp":"2025-10-05T07:05:53.717Z"}
{"clientCount":1,"level":"info","message":"SSE client connected","service":"access-time-backend","timestamp":"2025-10-05T07:05:56.620Z"}
{"level":"info","message":"SIGTERM received, shutting down gracefully","service":"access-time-backend","timestamp":"2025-10-05T07:06:08.477Z"}
{"corsOrigin":"http://localhost:3000","environment":"development","level":"info","mailhog":"http://localhost:8025","message":"AccessTime Backend started","port":"3001","service":"access-time-backend","timestamp":"2025-10-05T07:06:08.929Z"}
{"clientCount":1,"level":"info","message":"SSE client connected","service":"access-time-backend","timestamp":"2025-10-05T07:06:11.496Z"}
{"level":"info","message":"SIGTERM received, shutting down gracefully","service":"access-time-backend","timestamp":"2025-10-05T07:06:13.169Z"}
{"corsOrigin":"http://localhost:3000","environment":"development","level":"info","mailhog":"http://localhost:8025","message":"AccessTime Backend started","port":"3001","service":"access-time-backend","timestamp":"2025-10-05T07:06:13.502Z"}
{"level":"info","message":"SIGTERM received, shutting down gracefully","service":"access-time-backend","timestamp":"2025-10-05T07:06:14.209Z"}
{"corsOrigin":"http://localhost:3000","environment":"development","level":"info","mailhog":"http://localhost:8025","message":"AccessTime Backend started","port":"3001","service":"access-time-backend","timestamp":"2025-10-05T07:06:14.545Z"}
{"clientCount":1,"level":"info","message":"SSE client connected","service":"access-time-backend","timestamp":"2025-10-05T07:06:16.184Z"}
{"duration":"31ms","ip":"::1","level":"info","message":"HTTP Request","method":"GET","service":"access-time-backend","status":200,"timestamp":"2025-10-05T07:06:17.771Z","url":"/api/test-samples","userAgent":"Mozilla/5.0 (Macintosh; Intel Mac OS X 10_15_7) AppleWebKit/537.36 (KHTML, like Gecko) Chrome/140.0.0.0 Safari/537.36"}
{"clientCount":1,"level":"info","message":"SSE client connected","service":"access-time-backend","timestamp":"2025-10-05T07:06:17.775Z"}
{"duration":"60ms","ip":"::1","level":"info","message":"HTTP Request","method":"POST","service":"access-time-backend","status":200,"timestamp":"2025-10-05T07:06:21.887Z","url":"/api/test-samples","userAgent":"Mozilla/5.0 (Macintosh; Intel Mac OS X 10_15_7) AppleWebKit/537.36 (KHTML, like Gecko) Chrome/140.0.0.0 Safari/537.36"}
{"duration":"1ms","ip":"::1","level":"info","message":"HTTP Request","method":"GET","service":"access-time-backend","status":200,"timestamp":"2025-10-05T07:11:25.398Z","url":"/api/test-samples","userAgent":"Mozilla/5.0 (Macintosh; Intel Mac OS X 10_15_7) AppleWebKit/537.36 (KHTML, like Gecko) Chrome/140.0.0.0 Safari/537.36"}
{"clientCount":1,"level":"info","message":"SSE client connected","service":"access-time-backend","timestamp":"2025-10-05T07:11:25.401Z"}
{"duration":"27ms","ip":"::1","level":"info","message":"HTTP Request","method":"POST","service":"access-time-backend","status":200,"timestamp":"2025-10-05T07:11:36.394Z","url":"/api/test-samples","userAgent":"Mozilla/5.0 (Macintosh; Intel Mac OS X 10_15_7) AppleWebKit/537.36 (KHTML, like Gecko) Chrome/140.0.0.0 Safari/537.36"}
{"level":"info","message":"SIGINT received, shutting down gracefully","service":"access-time-backend","timestamp":"2025-10-05T07:14:09.611Z"}
